<?xml version="1.0" encoding="UTF-8"?>
<!-- Generated by org.testng.reporters.JUnitXMLReporter -->
<testsuite hostname="SAURU" name="Default test" tests="5" failures="0" timestamp="6 May 2018 18:17:31 GMT" time="0.055" errors="0">
  <testcase name="bothNull" time="0.012" classname="com.scp.testng.LoginTest"/>
  <testcase name="invalidLogin" time="0.002" classname="com.scp.testng.LoginTest"/>
  <testcase name="passwordNull" time="0.002" classname="com.scp.testng.LoginTest"/>
  <testcase name="usernameNull" time="0.003" classname="com.scp.testng.LoginTest"/>
  <testcase name="validLogin" time="0.003" classname="com.scp.testng.LoginTest"/>
</testsuite> <!-- Default test -->
