<?xml version="1.0" encoding="UTF-8"?>
<testng-results skipped="0" failed="0" total="5" passed="5">
  <reporter-output>
  </reporter-output>
  <suite name="Default suite" duration-ms="55" started-at="2018-05-06T18:17:30Z" finished-at="2018-05-06T18:17:31Z">
    <groups>
    </groups>
    <test name="Default test" duration-ms="55" started-at="2018-05-06T18:17:30Z" finished-at="2018-05-06T18:17:31Z">
      <class name="com.scp.testng.LoginTest">
        <test-method status="PASS" signature="bothNull()[pri:0, instance:com.scp.testng.LoginTest@1c153a1]" name="bothNull" duration-ms="12" started-at="2018-05-06T23:47:31Z" finished-at="2018-05-06T23:47:31Z">
          <reporter-output>
          </reporter-output>
        </test-method> <!-- bothNull -->
        <test-method status="PASS" signature="invalidLogin()[pri:0, instance:com.scp.testng.LoginTest@1c153a1]" name="invalidLogin" duration-ms="2" started-at="2018-05-06T23:47:31Z" finished-at="2018-05-06T23:47:31Z">
          <reporter-output>
          </reporter-output>
        </test-method> <!-- invalidLogin -->
        <test-method status="PASS" signature="passwordNull()[pri:0, instance:com.scp.testng.LoginTest@1c153a1]" name="passwordNull" duration-ms="2" started-at="2018-05-06T23:47:31Z" finished-at="2018-05-06T23:47:31Z">
          <reporter-output>
          </reporter-output>
        </test-method> <!-- passwordNull -->
        <test-method status="PASS" signature="usernameNull()[pri:0, instance:com.scp.testng.LoginTest@1c153a1]" name="usernameNull" duration-ms="3" started-at="2018-05-06T23:47:31Z" finished-at="2018-05-06T23:47:31Z">
          <reporter-output>
          </reporter-output>
        </test-method> <!-- usernameNull -->
        <test-method status="PASS" signature="validLogin()[pri:0, instance:com.scp.testng.LoginTest@1c153a1]" name="validLogin" duration-ms="3" started-at="2018-05-06T23:47:31Z" finished-at="2018-05-06T23:47:31Z">
          <reporter-output>
          </reporter-output>
        </test-method> <!-- validLogin -->
      </class> <!-- com.scp.testng.LoginTest -->
    </test> <!-- Default test -->
  </suite> <!-- Default suite -->
</testng-results>
